<?xml version="1.0" encoding="UTF-8"?>
<TestRun id="3ed874ef-c00b-4723-8dcb-91937b604d39" name="NK68@VDI01T8AHSC013 2014-05-22 06:38:50" runUser="DOTCOM\NK68" xmlns="http://microsoft.com/schemas/VisualStudio/TeamTest/2010">
  <TestSettings name="Default Test Settings" id="304852f7-8a50-4f57-aec1-1e1612af5721">
    <Deployment runDeploymentRoot="NK68_VDI01T8AHSC013 2014-05-22 06_38_50">
      <DeploymentItem filename="D:\TechBites\CI\Src\DSSol\packages\Microsoft.AspNet.WebPages.2.0.20710.0\lib\net40\System.Web.WebPages.Deployment.dll" />
      <DeploymentItem filename="D:\TechBites\CI\Src\DSSol\packages\Microsoft.AspNet.WebPages.2.0.20710.0\lib\net40\System.Web.Helpers.dll" />
      <DeploymentItem filename="D:\TechBites\CI\Src\DSSol\packages\Microsoft.AspNet.WebPages.2.0.20710.0\lib\net40\System.Web.WebPages.dll" />
      <DeploymentItem filename="D:\TechBites\CI\Src\DSSol\packages\Microsoft.Net.Http.2.0.20710.0\lib\net40\System.Net.Http.dll" />
      <DeploymentItem filename="D:\TechBites\CI\Src\DSSol\packages\Microsoft.AspNet.WebApi.WebHost.4.0.20710.0\lib\net40\System.Web.Http.WebHost.dll" />
      <DeploymentItem filename="D:\TechBites\CI\Src\DSSol\packages\Microsoft.Web.Infrastructure.1.0.0.0\lib\net40\Microsoft.Web.Infrastructure.dll" />
      <DeploymentItem filename="D:\TechBites\CI\Src\DSSol\packages\Microsoft.AspNet.WebApi.Client.4.0.20710.0\lib\net40\System.Net.Http.Formatting.dll" />
      <DeploymentItem filename="D:\TechBites\CI\Src\DSSol\packages\Microsoft.AspNet.WebApi.Core.4.0.20710.0\lib\net40\System.Web.Http.dll" />
      <DeploymentItem filename="D:\TechBites\CI\Src\DSSol\packages\Microsoft.AspNet.Razor.2.0.20710.0\lib\net40\System.Web.Razor.dll" />
      <DeploymentItem filename="D:\TechBites\CI\Src\DSSol\DSWeb\bin\DSWeb.dll" />
      <DeploymentItem filename="D:\TechBites\CI\Src\DSSol\packages\Microsoft.Net.Http.2.0.20710.0\lib\net40\System.Net.Http.WebRequest.dll" />
      <DeploymentItem filename="D:\TechBites\CI\Src\DSSol\packages\Microsoft.AspNet.Mvc.4.0.20710.0\lib\net40\System.Web.Mvc.dll" />
      <DeploymentItem filename="D:\TechBites\CI\Src\DSSol\packages\Newtonsoft.Json.4.5.6\lib\net40\Newtonsoft.Json.dll" />
      <DeploymentItem filename="D:\TechBites\CI\Src\DSSol\packages\Microsoft.AspNet.WebPages.2.0.20710.0\lib\net40\System.Web.WebPages.Razor.dll" />
    </Deployment>
    <Execution>
      <TestTypeSpecific />
      <AgentRule name="Execution Agents">
      </AgentRule>
    </Execution>
  </TestSettings>
  <Times creation="2014-05-22T06:38:50.6097722+01:00" queuing="2014-05-22T06:38:51.3097722+01:00" start="2014-05-22T06:38:51.3707722+01:00" finish="2014-05-22T06:38:52.0047722+01:00" />
  <ResultSummary outcome="Failed">
    <Counters total="1" executed="1" error="0" failed="1" timeout="0" aborted="0" inconclusive="0" passedButRunAborted="0" notRunnable="0" notExecuted="0" disconnected="0" warning="0" passed="0" completed="0" inProgress="0" pending="0" />
    <RunInfos>
      <RunInfo computerName="VDI01T8AHSC013" outcome="Warning" timestamp="2014-05-22T06:38:51.3057722+01:00">
        <Text>Warning: Test Run deployment issue: The assembly or module 'Org.Mentalis.Security.Cryptography' directly or indirectly referenced by the test container 'd:\techbites\ci\src\dssol\dsweb.tests\bin\debug\dsweb.tests.dll' was not found.</Text>
      </RunInfo>
    </RunInfos>
  </ResultSummary>
  <TestDefinitions>
    <UnitTest name="Index" storage="d:\techbites\ci\src\dssol\dsweb.tests\bin\debug\dsweb.tests.dll" id="cb065536-e019-2081-6954-e42c4057cc6a">
      <Execution id="b6a024a4-612c-42f4-a1c6-5f2c4c6fac9e" />
      <TestMethod codeBase="D:/TechBites/CI/Src/DSSol/DSWeb.Tests/bin/Debug/DSWeb.Tests.DLL" adapterTypeName="Microsoft.VisualStudio.TestTools.TestTypes.Unit.UnitTestAdapter, Microsoft.VisualStudio.QualityTools.Tips.UnitTest.Adapter, Version=10.0.0.0, Culture=neutral, PublicKeyToken=b03f5f7f11d50a3a" className="DSWeb.Tests.Controllers.HomeControllerTest, DSWeb.Tests, Version=1.0.0.0, Culture=neutral, PublicKeyToken=null" name="Index" />
    </UnitTest>
  </TestDefinitions>
  <TestLists>
    <TestList name="Results Not in a List" id="8c84fa94-04c1-424b-9868-57a2d4851a1d" />
    <TestList name="All Loaded Results" id="19431567-8539-422a-85d7-44ee4e166bda" />
  </TestLists>
  <TestEntries>
    <TestEntry testId="cb065536-e019-2081-6954-e42c4057cc6a" executionId="b6a024a4-612c-42f4-a1c6-5f2c4c6fac9e" testListId="8c84fa94-04c1-424b-9868-57a2d4851a1d" />
  </TestEntries>
  <Results>
    <UnitTestResult executionId="b6a024a4-612c-42f4-a1c6-5f2c4c6fac9e" testId="cb065536-e019-2081-6954-e42c4057cc6a" testName="Index" computerName="VDI01T8AHSC013" duration="00:00:00.1368406" startTime="2014-05-22T06:38:51.3897722+01:00" endTime="2014-05-22T06:38:51.9377722+01:00" testType="13cdc9d9-ddb5-4fa4-a97d-d965ccfc6d4b" outcome="Failed" testListId="8c84fa94-04c1-424b-9868-57a2d4851a1d" relativeResultsDirectory="b6a024a4-612c-42f4-a1c6-5f2c4c6fac9e">
      <Output>
        <ErrorInfo>
          <Message>Assert.AreEqual failed. Expected:&lt;Modify this template to jump-start your ASP.NET MVC application.s&gt;. Actual:&lt;Modify this template to jump-start your ASP.NET MVC application.&gt;. </Message>
          <StackTrace>   at CallSite.Target(Closure , CallSite , Type , String , Object )
   at System.Dynamic.UpdateDelegates.UpdateAndExecuteVoid3[T0,T1,T2](CallSite site, T0 arg0, T1 arg1, T2 arg2)
   at DSWeb.Tests.Controllers.HomeControllerTest.Index() in D:\TechBites\CI\Src\DSSol\DSWeb.Tests\Controllers\HomeControllerTest.cs:line 25
</StackTrace>
        </ErrorInfo>
      </Output>
    </UnitTestResult>
  </Results>
</TestRun>